\BOOKMARK [1][-]{section.1}{Introduction}{}% 1
\BOOKMARK [2][-]{subsection.1.1}{Overview of Spatial Queries}{section.1}% 2
\BOOKMARK [1][-]{section.2}{Nearest Neighbour}{}% 3
\BOOKMARK [2][-]{subsection.2.1}{Range Euclidean Restriction}{section.2}% 4
\BOOKMARK [2][-]{subsection.2.2}{Aggregate Nearest Neighbour Query}{section.2}% 5
\BOOKMARK [2][-]{subsection.2.3}{Constrained Nearest Neighbour}{section.2}% 6
\BOOKMARK [2][-]{subsection.2.4}{Reverse k-Nearest Neighbour \(RkNN\)}{section.2}% 7
\BOOKMARK [1][-]{section.3}{Constrained Range Search}{}% 8
\BOOKMARK [1][-]{section.4}{Reverse Region Query}{}% 9
\BOOKMARK [1][-]{section.5}{Group Nearest Neighbour}{}% 10
\BOOKMARK [2][-]{subsection.5.1}{Multiple Query Method \(MQM\)}{section.5}% 11
\BOOKMARK [2][-]{subsection.5.2}{Single Point Method}{section.5}% 12
\BOOKMARK [2][-]{subsection.5.3}{Minimum Bounding Method \(MBM\)}{section.5}% 13
\BOOKMARK [2][-]{subsection.5.4}{Group Cloest Pair Method}{section.5}% 14
\BOOKMARK [2][-]{subsection.5.5}{Two Ellipse-based Pruning Method}{section.5}% 15
\BOOKMARK [1][-]{section.6}{Probablistic Group Nearest Query}{}% 16
\BOOKMARK [1][-]{section.7}{Group Nearest Group}{}% 17
\BOOKMARK [2][-]{subsection.7.1}{Exhaustive Hierarchical Combination Algorithm \(EHC\)}{section.7}% 18
\BOOKMARK [2][-]{subsection.7.2}{Subset Hierarchical Replacement Algorithm \(SHR\)}{section.7}% 19
\BOOKMARK [2][-]{subsection.7.3}{Comparison of query processing solutions}{section.7}% 20
\BOOKMARK [2][-]{subsection.7.4}{Zone of Influence}{section.7}% 21
\BOOKMARK [1][-]{section.8}{Optimum Region}{}% 22
\BOOKMARK [2][-]{subsection.8.1}{Circle Partition and Arcs Superposition \(CPAS\)}{section.8}% 23
\BOOKMARK [1][-]{section.9}{Skyline Query}{}% 24
\BOOKMARK [1][-]{section.10}{Isolated Region}{}% 25
\BOOKMARK [1][-]{section.11}{R-Trees}{}% 26
\BOOKMARK [2][-]{subsection.11.1}{Rectangle Handling}{section.11}% 27
\BOOKMARK [1][-]{section.12}{TPR Tree}{}% 28
\BOOKMARK [1][-]{section.13}{Voronoi Diagram}{}% 29
\BOOKMARK [2][-]{subsection.13.1}{On-line Progressive Expansion \(OPE\)}{section.13}% 30
\BOOKMARK [2][-]{subsection.13.2}{Off-line Precalculation \(OPC\)}{section.13}% 31
\BOOKMARK [1][-]{section.14}{Comparison}{}% 32
